<?xml version="1.0" encoding="UTF-8"?>
<!-- Generated by org.testng.reporters.JUnitReportReporter -->
<testsuite hostname="AKKANE2L3" failures="0" tests="1" name="com.selenium.tests.PrintGoogleSearchSuggestionsToConsole" time="11.304" errors="0" timestamp="29 Nov 2021 11:21:53 GMT" skipped="0">
  <testcase classname="com.selenium.tests.PrintGoogleSearchSuggestionsToConsole" name="typeInGoogleSearch" time="11.304"/>
</testsuite> <!-- com.selenium.tests.PrintGoogleSearchSuggestionsToConsole -->
