<?xml version="1.0" encoding="UTF-8"?>
<!-- Generated by org.testng.reporters.JUnitReportReporter -->
<testsuite hostname="AKKANE2L3" failures="0" tests="1" name="com.selenium.tests.Select4thOptionFromGoogleSearchSuggestions" time="16.804" errors="0" timestamp="29 Nov 2021 11:29:23 GMT" skipped="0">
  <testcase classname="com.selenium.tests.Select4thOptionFromGoogleSearchSuggestions" name="select4thOptionFromGoogleSearchSuggestions" time="16.804"/>
</testsuite> <!-- com.selenium.tests.Select4thOptionFromGoogleSearchSuggestions -->
