<?xml version="1.0" encoding="UTF-8"?>
<!-- Generated by org.testng.reporters.JUnitReportReporter -->
<testsuite hostname="AKKANE2L3" failures="0" tests="1" name="com.alti.tests.LoginTest" time="7.114" errors="0" timestamp="03 Dec 2021 09:11:23 GMT" skipped="0">
  <testcase classname="com.alti.tests.LoginTest" name="checkLogin" time="7.114"/>
</testsuite> <!-- com.alti.tests.LoginTest -->
